2025-01-13T12:03:26.350093+0300 INFO Logger is set up.
2025-01-13T12:03:26.351757+0300 INFO Loading data from data/raw/train.csv
2025-01-13T12:03:27.394476+0300 INFO Building preprocessing pipeline...
2025-01-13T12:03:27.395037+0300 INFO Fitting and transforming data...
2025-01-13T12:03:29.303962+0300 INFO Saving processed data to data/processed/train_processed.csv
2025-01-13T12:04:10.872739+0300 INFO Logger is set up.
2025-01-13T12:04:10.874210+0300 INFO Loading data from data/raw/train.csv
2025-01-13T12:04:11.747003+0300 INFO Building preprocessing pipeline...
2025-01-13T12:04:11.747372+0300 INFO Fitting and transforming data...
2025-01-13T12:04:13.443677+0300 INFO Saving processed data to data/processed/train_processed.csv
2025-01-13T12:10:21.777190+0300 INFO Logger is set up.
2025-01-13T12:11:03.919933+0300 INFO Logger is set up.
2025-01-13T12:12:26.434801+0300 INFO Logger is set up.
2025-01-13T12:12:26.436575+0300 INFO Loading data from data/processed/train_processed.csv
2025-01-13T12:12:29.766550+0300 INFO Plotting distributions...
2025-01-13T12:12:39.538534+0300 INFO Distributions plotted and saved.
2025-01-13T12:12:39.544903+0300 INFO Loading data from data/processed/train_processed.csv
2025-01-13T12:12:41.628365+0300 INFO Analyzing holiday sales...
2025-01-13T12:12:44.013298+0300 INFO Loading data from data/processed/train_processed.csv
2025-01-13T12:12:46.587683+0300 INFO Analyzing correlation between sales and customers...
2025-01-13T12:12:47.337253+0300 INFO Loading data from data/processed/train_processed.csv
2025-01-13T12:12:51.277180+0300 INFO Analyzing seasonal trends...
2025-01-13T12:13:10.011644+0300 INFO Loading data from data/processed/train_processed.csv
2025-01-13T12:13:12.107159+0300 INFO Analyzing promo effect on sales...
2025-01-13T12:13:15.480296+0300 INFO Loading data from data/processed/train_processed.csv
2025-01-13T12:13:17.659504+0300 INFO Analyzing store attributes...
2025-01-13T12:16:50.565695+0300 INFO Logger is set up.
2025-01-13T12:16:50.567441+0300 INFO Loading data from data/processed/train_processed.csv
2025-01-13T12:16:53.132935+0300 INFO Plotting distributions...
2025-01-13T12:17:02.826620+0300 INFO Distributions plotted and saved.
2025-01-13T12:17:02.833324+0300 INFO Loading data from data/processed/train_processed.csv
2025-01-13T12:17:04.764973+0300 INFO Analyzing holiday sales...
2025-01-13T12:17:07.099435+0300 INFO Loading data from data/processed/train_processed.csv
2025-01-13T12:17:08.875992+0300 INFO Analyzing correlation between sales and customers...
2025-01-13T12:17:09.234540+0300 INFO Loading data from data/processed/train_processed.csv
2025-01-13T12:17:11.553281+0300 INFO Analyzing seasonal trends...
2025-01-13T12:17:30.187928+0300 INFO Loading data from data/processed/train_processed.csv
2025-01-13T12:17:31.956356+0300 INFO Analyzing promo effect on sales...
2025-01-13T12:17:35.322332+0300 INFO Loading data from data/processed/train_processed.csv
2025-01-13T12:17:37.164439+0300 INFO Analyzing store attributes...
2025-01-14T11:19:32.813800+0300 INFO Logger is set up.
2025-01-14T11:19:32.817211+0300 INFO Loading data from data/processed/train_processed.csv
2025-01-14T11:19:37.136907+0300 INFO Plotting distributions...
2025-01-14T11:19:53.317921+0300 INFO Distributions plotted and saved.
2025-01-14T11:19:53.394916+0300 INFO Loading data from data/processed/train_processed.csv
2025-01-14T11:20:01.225214+0300 INFO Analyzing holiday sales...
2025-01-14T11:20:06.619950+0300 INFO Loading data from data/processed/train_processed.csv
2025-01-14T11:20:10.638531+0300 INFO Analyzing correlation between sales and customers...
2025-01-14T11:20:11.228163+0300 INFO Loading data from data/processed/train_processed.csv
2025-01-14T11:20:17.137242+0300 INFO Analyzing seasonal trends...
2025-01-14T11:20:39.701621+0300 INFO Loading data from data/processed/train_processed.csv
2025-01-14T11:20:42.630657+0300 INFO Analyzing promo effect on sales...
2025-01-14T11:20:47.416603+0300 INFO Loading data from data/processed/train_processed.csv
2025-01-14T11:20:50.391456+0300 INFO Analyzing store attributes...
2025-01-14T23:52:39.827908+0300 INFO Logger is set up.
2025-01-14T23:52:39.832211+0300 INFO Loading data from data/raw/train.csv
2025-01-14T23:52:41.152400+0300 INFO Building preprocessing pipeline...
2025-01-14T23:52:41.154565+0300 INFO Fitting and transforming data...
2025-01-14T23:52:43.035342+0300 INFO Saving processed data to data/processed/train_preprocessed.csv
